[2021-04-17 14:41:14.851] [exthost] [info] extension host started
[2021-04-17 14:41:15.083] [exthost] [info] ExtensionService#_doActivateExtension vscode.microsoft-authentication {"startup":false,"extensionId":{"value":"vscode.microsoft-authentication","_lower":"vscode.microsoft-authentication"},"activationEvent":"onAuthenticationRequest:microsoft"}
[2021-04-17 14:41:15.083] [exthost] [info] ExtensionService#loadCommonJSModule file:///snap/code/62/usr/share/code/resources/app/extensions/microsoft-authentication/dist/extension.js
[2021-04-17 14:41:15.099] [exthost] [info] ExtensionService#_doActivateExtension vscode.debug-auto-launch {"startup":true,"extensionId":{"value":"vscode.debug-auto-launch","_lower":"vscode.debug-auto-launch"},"activationEvent":"*"}
[2021-04-17 14:41:15.099] [exthost] [info] ExtensionService#loadCommonJSModule file:///snap/code/62/usr/share/code/resources/app/extensions/debug-auto-launch/dist/extension
[2021-04-17 14:41:15.103] [exthost] [info] ExtensionService#_doActivateExtension vscode.git {"startup":true,"extensionId":{"value":"vscode.github","_lower":"vscode.github"},"activationEvent":"*"}
[2021-04-17 14:41:15.103] [exthost] [info] ExtensionService#loadCommonJSModule file:///snap/code/62/usr/share/code/resources/app/extensions/git/dist/main
[2021-04-17 14:41:15.241] [exthost] [info] ExtensionService#_doActivateExtension vscode.github {"startup":true,"extensionId":{"value":"vscode.github","_lower":"vscode.github"},"activationEvent":"*"}
[2021-04-17 14:41:15.241] [exthost] [info] ExtensionService#loadCommonJSModule file:///snap/code/62/usr/share/code/resources/app/extensions/github/dist/extension.js
[2021-04-17 14:41:15.280] [exthost] [info] ExtensionService#_doActivateExtension ms-vscode.js-debug {"startup":false,"extensionId":{"value":"ms-vscode.js-debug","_lower":"ms-vscode.js-debug"},"activationEvent":"onCommand:extension.js-debug.clearAutoAttachVariables"}
[2021-04-17 14:41:15.280] [exthost] [info] ExtensionService#loadCommonJSModule file:///snap/code/62/usr/share/code/resources/app/extensions/ms-vscode.js-debug/src/extension.js
[2021-04-17 14:41:15.400] [exthost] [info] eager extensions activated
[2021-04-17 14:41:15.417] [exthost] [info] ExtensionService#_doActivateExtension vscode.emmet {"startup":false,"extensionId":{"value":"vscode.emmet","_lower":"vscode.emmet"},"activationEvent":"onStartupFinished"}
[2021-04-17 14:41:15.417] [exthost] [info] ExtensionService#loadCommonJSModule file:///snap/code/62/usr/share/code/resources/app/extensions/emmet/dist/node/emmetNodeMain
[2021-04-17 14:41:15.423] [exthost] [info] ExtensionService#_doActivateExtension vscode.merge-conflict {"startup":false,"extensionId":{"value":"vscode.merge-conflict","_lower":"vscode.merge-conflict"},"activationEvent":"onStartupFinished"}
[2021-04-17 14:41:15.423] [exthost] [info] ExtensionService#loadCommonJSModule file:///snap/code/62/usr/share/code/resources/app/extensions/merge-conflict/dist/mergeConflictMain
[2021-04-17 14:41:15.426] [exthost] [info] ExtensionService#_doActivateExtension vscode.testing-editor-contributions {"startup":false,"extensionId":{"value":"vscode.testing-editor-contributions","_lower":"vscode.testing-editor-contributions"},"activationEvent":"onStartupFinished"}
[2021-04-17 14:41:15.427] [exthost] [info] ExtensionService#loadCommonJSModule file:///snap/code/62/usr/share/code/resources/app/extensions/testing-editor-contributions/dist/extension.js
[2021-04-17 14:41:15.460] [exthost] [info] ExtensionService#_doActivateExtension vscode.github-authentication {"startup":false,"extensionId":{"value":"vscode.github-authentication","_lower":"vscode.github-authentication"},"activationEvent":"onAuthenticationRequest:github"}
[2021-04-17 14:41:15.460] [exthost] [info] ExtensionService#loadCommonJSModule file:///snap/code/62/usr/share/code/resources/app/extensions/github-authentication/dist/extension.js
[2021-04-17 14:41:15.989] [exthost] [info] ExtensionService#_doActivateExtension vscode.php-language-features {"startup":false,"extensionId":{"value":"vscode.php-language-features","_lower":"vscode.php-language-features"},"activationEvent":"onLanguage:php"}
[2021-04-17 14:41:15.989] [exthost] [info] ExtensionService#loadCommonJSModule file:///snap/code/62/usr/share/code/resources/app/extensions/php-language-features/dist/phpMain
[2021-04-17 15:21:13.052] [exthost] [info] ExtensionService#_doActivateExtension vscode.css-language-features {"startup":false,"extensionId":{"value":"vscode.css-language-features","_lower":"vscode.css-language-features"},"activationEvent":"onLanguage:css"}
[2021-04-17 15:21:13.052] [exthost] [info] ExtensionService#loadCommonJSModule file:///snap/code/62/usr/share/code/resources/app/extensions/css-language-features/client/dist/node/cssClientMain
[2021-04-17 15:24:57.093] [exthost] [info] ExtensionService#_doActivateExtension vscode.html-language-features {"startup":false,"extensionId":{"value":"vscode.html-language-features","_lower":"vscode.html-language-features"},"activationEvent":"onLanguage:html"}
[2021-04-17 15:24:57.094] [exthost] [info] ExtensionService#loadCommonJSModule file:///snap/code/62/usr/share/code/resources/app/extensions/html-language-features/client/dist/node/htmlClientMain
[2021-04-18 12:08:37.796] [exthost] [info] extension host terminating: received terminate message from renderer
[2021-04-18 12:08:38.824] [exthost] [info] exiting with code 0
